<?xml version="1.0" encoding="UTF-8"?><testrun name="CallableUserTest" project="Entradas Cine V1" tests="1" started="1" failures="0" errors="1" ignored="0">
  <testsuite name="test.CallableUserTest" time="0.241" displayname="CallableUserTest" uniqueid="[engine:junit-jupiter]/[class:test.CallableUserTest]">
    <testcase name="test" classname="test.CallableUserTest" time="0.241" displayname="test()" uniqueid="[engine:junit-jupiter]/[class:test.CallableUserTest]/[method:test()]">
      <error>java.util.NoSuchElementException: No value present&#13;
	at java.base/java.util.Optional.get(Optional.java:143)&#13;
	at test.CallableUserTest.test(CallableUserTest.java:29)&#13;
	at java.base/java.lang.reflect.Method.invoke(Method.java:568)&#13;
	at java.base/java.util.ArrayList.forEach(ArrayList.java:1511)&#13;
	at java.base/java.util.ArrayList.forEach(ArrayList.java:1511)&#13;
&#13;
</error>
    </testcase>
  </testsuite>
</testrun>
